# JRE version: 7.0_17-b02
# Java VM: Java HotSpot(TM) 64-Bit Server VM (23.7-b01 mixed mode windows-amd64 compressed oops)
Heap
 PSYoungGen      total 18624K, used 15335K [0x00000000eb360000, 0x00000000ec820000, 0x0000000100000000)
  eden space 16000K, 79% used [0x00000000eb360000,0x00000000ebfd0ca8,0x00000000ec300000)
  from space 2624K, 98% used [0x00000000ec590000,0x00000000ec819020,0x00000000ec820000)
  to   space 2624K, 0% used [0x00000000ec300000,0x00000000ec300000,0x00000000ec590000)
 ParOldGen       total 42560K, used 14869K [0x00000000c1a00000, 0x00000000c4390000, 0x00000000eb360000)
  object space 42560K, 34% used [0x00000000c1a00000,0x00000000c28855f8,0x00000000c4390000)
 PSPermGen       total 21248K, used 11853K [0x00000000bc800000, 0x00000000bdcc0000, 0x00000000c1a00000)
  object space 21248K, 55% used [0x00000000bc800000,0x00000000bd393778,0x00000000bdcc0000)
GC Heap History (8 events):
Event: 10.280 GC heap before
{Heap before GC invocations=1 (full 0):
 PSYoungGen      total 18624K, used 16000K [0x00000000eb360000, 0x00000000ec820000, 0x0000000100000000)
  eden space 16000K, 100% used [0x00000000eb360000,0x00000000ec300000,0x00000000ec300000)
  from space 2624K, 0% used [0x00000000ec590000,0x00000000ec590000,0x00000000ec820000)
  to   space 2624K, 0% used [0x00000000ec300000,0x00000000ec300000,0x00000000ec590000)
 ParOldGen       total 42560K, used 0K [0x00000000c1a00000, 0x00000000c4390000, 0x00000000eb360000)
  object space 42560K, 0% used [0x00000000c1a00000,0x00000000c1a00000,0x00000000c4390000)
 PSPermGen       total 21248K, used 8186K [0x00000000bc800000, 0x00000000bdcc0000, 0x00000000c1a00000)
  object space 21248K, 38% used [0x00000000bc800000,0x00000000bcffe9b0,0x00000000bdcc0000)
Event: 10.306 GC heap after
Heap after GC invocations=1 (full 0):
 PSYoungGen      total 18624K, used 2177K [0x00000000eb360000, 0x00000000ec820000, 0x0000000100000000)
  eden space 16000K, 0% used [0x00000000eb360000,0x00000000eb360000,0x00000000ec300000)
  from space 2624K, 82% used [0x00000000ec300000,0x00000000ec520740,0x00000000ec590000)
  to   space 2624K, 0% used [0x00000000ec590000,0x00000000ec590000,0x00000000ec820000)
 ParOldGen       total 42560K, used 8K [0x00000000c1a00000, 0x00000000c4390000, 0x00000000eb360000)
  object space 42560K, 0% used [0x00000000c1a00000,0x00000000c1a02000,0x00000000c4390000)
 PSPermGen       total 21248K, used 8186K [0x00000000bc800000, 0x00000000bdcc0000, 0x00000000c1a00000)
  object space 21248K, 38% used [0x00000000bc800000,0x00000000bcffe9b0,0x00000000bdcc0000)
}
Event: 12.244 GC heap before
{Heap before GC invocations=2 (full 0):
 PSYoungGen      total 18624K, used 18177K [0x00000000eb360000, 0x00000000ec820000, 0x0000000100000000)
  eden space 16000K, 100% used [0x00000000eb360000,0x00000000ec300000,0x00000000ec300000)
  from space 2624K, 82% used [0x00000000ec300000,0x00000000ec520740,0x00000000ec590000)
  to   space 2624K, 0% used [0x00000000ec590000,0x00000000ec590000,0x00000000ec820000)
 ParOldGen       total 42560K, used 8K [0x00000000c1a00000, 0x00000000c4390000, 0x00000000eb360000)
  object space 42560K, 0% used [0x00000000c1a00000,0x00000000c1a02000,0x00000000c4390000)
 PSPermGen       total 21248K, used 11788K [0x00000000bc800000, 0x00000000bdcc0000, 0x00000000c1a00000)
  object space 21248K, 55% used [0x00000000bc800000,0x00000000bd383388,0x00000000bdcc0000)
Event: 12.251 GC heap after
Heap after GC invocations=2 (full 0):
 PSYoungGen      total 18624K, used 2612K [0x00000000eb360000, 0x00000000ec820000, 0x0000000100000000)
  eden space 16000K, 0% used [0x00000000eb360000,0x00000000eb360000,0x00000000ec300000)
  from space 2624K, 99% used [0x00000000ec590000,0x00000000ec81d010,0x00000000ec820000)
  to   space 2624K, 0% used [0x00000000ec300000,0x00000000ec300000,0x00000000ec590000)
 ParOldGen       total 42560K, used 7869K [0x00000000c1a00000, 0x00000000c4390000, 0x00000000eb360000)
  object space 42560K, 18% used [0x00000000c1a00000,0x00000000c21af5b8,0x00000000c4390000)
 PSPermGen       total 21248K, used 11788K [0x00000000bc800000, 0x00000000bdcc0000, 0x00000000c1a00000)
  object space 21248K, 55% used [0x00000000bc800000,0x00000000bd383388,0x00000000bdcc0000)
}
Event: 14.121 GC heap before
{Heap before GC invocations=3 (full 0):
 PSYoungGen      total 18624K, used 18612K [0x00000000eb360000, 0x00000000ec820000, 0x0000000100000000)
  eden space 16000K, 100% used [0x00000000eb360000,0x00000000ec300000,0x00000000ec300000)
  from space 2624K, 99% used [0x00000000ec590000,0x00000000ec81d010,0x00000000ec820000)
  to   space 2624K, 0% used [0x00000000ec300000,0x00000000ec300000,0x00000000ec590000)
 ParOldGen       total 42560K, used 7869K [0x00000000c1a00000, 0x00000000c4390000, 0x00000000eb360000)
  object space 42560K, 18% used [0x00000000c1a00000,0x00000000c21af5b8,0x00000000c4390000)
 PSPermGen       total 21248K, used 11809K [0x00000000bc800000, 0x00000000bdcc0000, 0x00000000c1a00000)
  object space 21248K, 55% used [0x00000000bc800000,0x00000000bd388720,0x00000000bdcc0000)
Event: 14.124 GC heap after
Heap after GC invocations=3 (full 0):
 PSYoungGen      total 18624K, used 2596K [0x00000000eb360000, 0x00000000ec820000, 0x0000000100000000)
  eden space 16000K, 0% used [0x00000000eb360000,0x00000000eb360000,0x00000000ec300000)
  from space 2624K, 98% used [0x00000000ec300000,0x00000000ec589020,0x00000000ec590000)
  to   space 2624K, 0% used [0x00000000ec590000,0x00000000ec590000,0x00000000ec820000)
 ParOldGen       total 42560K, used 11381K [0x00000000c1a00000, 0x00000000c4390000, 0x00000000eb360000)
  object space 42560K, 26% used [0x00000000c1a00000,0x00000000c251d5d8,0x00000000c4390000)
 PSPermGen       total 21248K, used 11809K [0x00000000bc800000, 0x00000000bdcc0000, 0x00000000c1a00000)
  object space 21248K, 55% used [0x00000000bc800000,0x00000000bd388720,0x00000000bdcc0000)
}
Event: 16.041 GC heap before
{Heap before GC invocations=4 (full 0):
 PSYoungGen      total 18624K, used 18596K [0x00000000eb360000, 0x00000000ec820000, 0x0000000100000000)
  eden space 16000K, 100% used [0x00000000eb360000,0x00000000ec300000,0x00000000ec300000)
  from space 2624K, 98% used [0x00000000ec300000,0x00000000ec589020,0x00000000ec590000)
  to   space 2624K, 0% used [0x00000000ec590000,0x00000000ec590000,0x00000000ec820000)
 ParOldGen       total 42560K, used 11381K [0x00000000c1a00000, 0x00000000c4390000, 0x00000000eb360000)
  object space 42560K, 26% used [0x00000000c1a00000,0x00000000c251d5d8,0x00000000c4390000)
 PSPermGen       total 21248K, used 11817K [0x00000000bc800000, 0x00000000bdcc0000, 0x00000000c1a00000)
  object space 21248K, 55% used [0x00000000bc800000,0x00000000bd38a438,0x00000000bdcc0000)
Event: 16.044 GC heap after
Heap after GC invocations=4 (full 0):
 PSYoungGen      total 18624K, used 2596K [0x00000000eb360000, 0x00000000ec820000, 0x0000000100000000)
  eden space 16000K, 0% used [0x00000000eb360000,0x00000000eb360000,0x00000000ec300000)
  from space 2624K, 98% used [0x00000000ec590000,0x00000000ec819020,0x00000000ec820000)
  to   space 2624K, 0% used [0x00000000ec300000,0x00000000ec300000,0x00000000ec590000)
 ParOldGen       total 42560K, used 14869K [0x00000000c1a00000, 0x00000000c4390000, 0x00000000eb360000)
  object space 42560K, 34% used [0x00000000c1a00000,0x00000000c28855f8,0x00000000c4390000)
 PSPermGen       total 21248K, used 11817K [0x00000000bc800000, 0x00000000bdcc0000, 0x00000000c1a00000)
  object space 21248K, 55% used [0x00000000bc800000,0x00000000bd38a438,0x00000000bdcc0000)
}

