# JRE version: 7.0_17-b02
# Java VM: Java HotSpot(TM) 64-Bit Server VM (23.7-b01 mixed mode windows-amd64 compressed oops)
Heap
 PSYoungGen      total 18624K, used 3272K [0x00000000eb360000, 0x00000000ec820000, 0x0000000100000000)
  eden space 16000K, 4% used [0x00000000eb360000,0x00000000eb409030,0x00000000ec300000)
  from space 2624K, 98% used [0x00000000ec300000,0x00000000ec589020,0x00000000ec590000)
  to   space 2624K, 0% used [0x00000000ec590000,0x00000000ec590000,0x00000000ec820000)
 ParOldGen       total 42560K, used 4809K [0x00000000c1a00000, 0x00000000c4390000, 0x00000000eb360000)
  object space 42560K, 11% used [0x00000000c1a00000,0x00000000c1eb27d0,0x00000000c4390000)
 PSPermGen       total 21248K, used 11533K [0x00000000bc800000, 0x00000000bdcc0000, 0x00000000c1a00000)
  object space 21248K, 54% used [0x00000000bc800000,0x00000000bd343768,0x00000000bdcc0000)
GC Heap History (6 events):
Event: 1.209 GC heap before
{Heap before GC invocations=1 (full 0):
 PSYoungGen      total 18624K, used 16000K [0x00000000eb360000, 0x00000000ec820000, 0x0000000100000000)
  eden space 16000K, 100% used [0x00000000eb360000,0x00000000ec300000,0x00000000ec300000)
  from space 2624K, 0% used [0x00000000ec590000,0x00000000ec590000,0x00000000ec820000)
  to   space 2624K, 0% used [0x00000000ec300000,0x00000000ec300000,0x00000000ec590000)
 ParOldGen       total 42560K, used 0K [0x00000000c1a00000, 0x00000000c4390000, 0x00000000eb360000)
  object space 42560K, 0% used [0x00000000c1a00000,0x00000000c1a00000,0x00000000c4390000)
 PSPermGen       total 21248K, used 8337K [0x00000000bc800000, 0x00000000bdcc0000, 0x00000000c1a00000)
  object space 21248K, 39% used [0x00000000bc800000,0x00000000bd024780,0x00000000bdcc0000)
Event: 1.212 GC heap after
Heap after GC invocations=1 (full 0):
 PSYoungGen      total 18624K, used 2106K [0x00000000eb360000, 0x00000000ec820000, 0x0000000100000000)
  eden space 16000K, 0% used [0x00000000eb360000,0x00000000eb360000,0x00000000ec300000)
  from space 2624K, 80% used [0x00000000ec300000,0x00000000ec50e818,0x00000000ec590000)
  to   space 2624K, 0% used [0x00000000ec590000,0x00000000ec590000,0x00000000ec820000)
 ParOldGen       total 42560K, used 8K [0x00000000c1a00000, 0x00000000c4390000, 0x00000000eb360000)
  object space 42560K, 0% used [0x00000000c1a00000,0x00000000c1a02000,0x00000000c4390000)
 PSPermGen       total 21248K, used 8337K [0x00000000bc800000, 0x00000000bdcc0000, 0x00000000c1a00000)
  object space 21248K, 39% used [0x00000000bc800000,0x00000000bd024780,0x00000000bdcc0000)
}
Event: 2.664 GC heap before
{Heap before GC invocations=2 (full 0):
 PSYoungGen      total 18624K, used 18106K [0x00000000eb360000, 0x00000000ec820000, 0x0000000100000000)
  eden space 16000K, 100% used [0x00000000eb360000,0x00000000ec300000,0x00000000ec300000)
  from space 2624K, 80% used [0x00000000ec300000,0x00000000ec50e818,0x00000000ec590000)
  to   space 2624K, 0% used [0x00000000ec590000,0x00000000ec590000,0x00000000ec820000)
 ParOldGen       total 42560K, used 8K [0x00000000c1a00000, 0x00000000c4390000, 0x00000000eb360000)
  object space 42560K, 0% used [0x00000000c1a00000,0x00000000c1a02000,0x00000000c4390000)
 PSPermGen       total 21248K, used 11519K [0x00000000bc800000, 0x00000000bdcc0000, 0x00000000c1a00000)
  object space 21248K, 54% used [0x00000000bc800000,0x00000000bd33fc30,0x00000000bdcc0000)
Event: 2.681 GC heap after
Heap after GC invocations=2 (full 0):
 PSYoungGen      total 18624K, used 2596K [0x00000000eb360000, 0x00000000ec820000, 0x0000000100000000)
  eden space 16000K, 0% used [0x00000000eb360000,0x00000000eb360000,0x00000000ec300000)
  from space 2624K, 98% used [0x00000000ec590000,0x00000000ec819020,0x00000000ec820000)
  to   space 2624K, 0% used [0x00000000ec300000,0x00000000ec300000,0x00000000ec590000)
 ParOldGen       total 42560K, used 4545K [0x00000000c1a00000, 0x00000000c4390000, 0x00000000eb360000)
  object space 42560K, 10% used [0x00000000c1a00000,0x00000000c1e707d0,0x00000000c4390000)
 PSPermGen       total 21248K, used 11519K [0x00000000bc800000, 0x00000000bdcc0000, 0x00000000c1a00000)
  object space 21248K, 54% used [0x00000000bc800000,0x00000000bd33fc30,0x00000000bdcc0000)
}
Event: 4.555 GC heap before
{Heap before GC invocations=3 (full 0):
 PSYoungGen      total 18624K, used 18596K [0x00000000eb360000, 0x00000000ec820000, 0x0000000100000000)
  eden space 16000K, 100% used [0x00000000eb360000,0x00000000ec300000,0x00000000ec300000)
  from space 2624K, 98% used [0x00000000ec590000,0x00000000ec819020,0x00000000ec820000)
  to   space 2624K, 0% used [0x00000000ec300000,0x00000000ec300000,0x00000000ec590000)
 ParOldGen       total 42560K, used 4545K [0x00000000c1a00000, 0x00000000c4390000, 0x00000000eb360000)
  object space 42560K, 10% used [0x00000000c1a00000,0x00000000c1e707d0,0x00000000c4390000)
 PSPermGen       total 21248K, used 11530K [0x00000000bc800000, 0x00000000bdcc0000, 0x00000000c1a00000)
  object space 21248K, 54% used [0x00000000bc800000,0x00000000bd342950,0x00000000bdcc0000)
Event: 4.558 GC heap after
Heap after GC invocations=3 (full 0):
 PSYoungGen      total 18624K, used 2596K [0x00000000eb360000, 0x00000000ec820000, 0x0000000100000000)
  eden space 16000K, 0% used [0x00000000eb360000,0x00000000eb360000,0x00000000ec300000)
  from space 2624K, 98% used [0x00000000ec300000,0x00000000ec589020,0x00000000ec590000)
  to   space 2624K, 0% used [0x00000000ec590000,0x00000000ec590000,0x00000000ec820000)
 ParOldGen       total 42560K, used 4809K [0x00000000c1a00000, 0x00000000c4390000, 0x00000000eb360000)
  object space 42560K, 11% used [0x00000000c1a00000,0x00000000c1eb27d0,0x00000000c4390000)
 PSPermGen       total 21248K, used 11530K [0x00000000bc800000, 0x00000000bdcc0000, 0x00000000c1a00000)
  object space 21248K, 54% used [0x00000000bc800000,0x00000000bd342950,0x00000000bdcc0000)
}

