# JRE version: 7.0_11-b21
# Java VM: Java HotSpot(TM) 64-Bit Server VM (23.6-b04 mixed mode windows-amd64 compressed oops)
Heap
 PSYoungGen      total 35456K, used 30806K [0x00000000eab60000, 0x00000000ed0a0000, 0x0000000100000000)
  eden space 32768K, 85% used [0x00000000eab60000,0x00000000ec6daae8,0x00000000ecb60000)
  from space 2688K, 99% used [0x00000000ece00000,0x00000000ed09b020,0x00000000ed0a0000)
  to   space 2688K, 0% used [0x00000000ecb60000,0x00000000ecb60000,0x00000000ece00000)
 ParOldGen       total 43648K, used 1187K [0x00000000c0200000, 0x00000000c2ca0000, 0x00000000eab60000)
  object space 43648K, 2% used [0x00000000c0200000,0x00000000c0328e28,0x00000000c2ca0000)
 PSPermGen       total 21440K, used 21342K [0x00000000bb000000, 0x00000000bc4f0000, 0x00000000c0200000)
  object space 21440K, 99% used [0x00000000bb000000,0x00000000bc4d7b98,0x00000000bc4f0000)
GC Heap History (4 events):
Event: 0.586 GC heap before
{Heap before GC invocations=1 (full 0):
 PSYoungGen      total 19072K, used 16384K [0x00000000eab60000, 0x00000000ec0a0000, 0x0000000100000000)
  eden space 16384K, 100% used [0x00000000eab60000,0x00000000ebb60000,0x00000000ebb60000)
  from space 2688K, 0% used [0x00000000ebe00000,0x00000000ebe00000,0x00000000ec0a0000)
  to   space 2688K, 0% used [0x00000000ebb60000,0x00000000ebb60000,0x00000000ebe00000)
 ParOldGen       total 43648K, used 0K [0x00000000c0200000, 0x00000000c2ca0000, 0x00000000eab60000)
  object space 43648K, 0% used [0x00000000c0200000,0x00000000c0200000,0x00000000c2ca0000)
 PSPermGen       total 21248K, used 10221K [0x00000000bb000000, 0x00000000bc4c0000, 0x00000000c0200000)
  object space 21248K, 48% used [0x00000000bb000000,0x00000000bb9fb6d8,0x00000000bc4c0000)
Event: 0.621 GC heap after
Heap after GC invocations=1 (full 0):
 PSYoungGen      total 19072K, used 2444K [0x00000000eab60000, 0x00000000ed0a0000, 0x0000000100000000)
  eden space 16384K, 0% used [0x00000000eab60000,0x00000000eab60000,0x00000000ebb60000)
  from space 2688K, 90% used [0x00000000ebb60000,0x00000000ebdc3030,0x00000000ebe00000)
  to   space 2688K, 0% used [0x00000000ece00000,0x00000000ece00000,0x00000000ed0a0000)
 ParOldGen       total 43648K, used 8K [0x00000000c0200000, 0x00000000c2ca0000, 0x00000000eab60000)
  object space 43648K, 0% used [0x00000000c0200000,0x00000000c0202000,0x00000000c2ca0000)
 PSPermGen       total 21248K, used 10221K [0x00000000bb000000, 0x00000000bc4c0000, 0x00000000c0200000)
  object space 21248K, 48% used [0x00000000bb000000,0x00000000bb9fb6d8,0x00000000bc4c0000)
}
Event: 1.044 GC heap before
{Heap before GC invocations=2 (full 0):
 PSYoungGen      total 19072K, used 18828K [0x00000000eab60000, 0x00000000ed0a0000, 0x0000000100000000)
  eden space 16384K, 100% used [0x00000000eab60000,0x00000000ebb60000,0x00000000ebb60000)
  from space 2688K, 90% used [0x00000000ebb60000,0x00000000ebdc3030,0x00000000ebe00000)
  to   space 2688K, 0% used [0x00000000ece00000,0x00000000ece00000,0x00000000ed0a0000)
 ParOldGen       total 43648K, used 8K [0x00000000c0200000, 0x00000000c2ca0000, 0x00000000eab60000)
  object space 43648K, 0% used [0x00000000c0200000,0x00000000c0202000,0x00000000c2ca0000)
 PSPermGen       total 21248K, used 14394K [0x00000000bb000000, 0x00000000bc4c0000, 0x00000000c0200000)
  object space 21248K, 67% used [0x00000000bb000000,0x00000000bbe0eb90,0x00000000bc4c0000)
Event: 1.050 GC heap after
Heap after GC invocations=2 (full 0):
 PSYoungGen      total 35456K, used 2668K [0x00000000eab60000, 0x00000000ed0a0000, 0x0000000100000000)
  eden space 32768K, 0% used [0x00000000eab60000,0x00000000eab60000,0x00000000ecb60000)
  from space 2688K, 99% used [0x00000000ece00000,0x00000000ed09b020,0x00000000ed0a0000)
  to   space 2688K, 0% used [0x00000000ecb60000,0x00000000ecb60000,0x00000000ece00000)
 ParOldGen       total 43648K, used 1187K [0x00000000c0200000, 0x00000000c2ca0000, 0x00000000eab60000)
  object space 43648K, 2% used [0x00000000c0200000,0x00000000c0328e28,0x00000000c2ca0000)
 PSPermGen       total 21248K, used 14394K [0x00000000bb000000, 0x00000000bc4c0000, 0x00000000c0200000)
  object space 21248K, 67% used [0x00000000bb000000,0x00000000bbe0eb90,0x00000000bc4c0000)
}

